<?xml version="1.0" encoding="UTF-8"?><testsuite errors="1" failures="0" name="Contac Us" skipped="0" tests="2" time="43.73" timestamp="2022-03-26 09:38:44"><testcase name="ContacUs exitoso"/><testcase name="ContacUs no exitoso"><error type="java.lang.NullPointerException"/><system-err>null&#13;
co.com.sofka.task.ContacUs.FillContactUsForm.performAs(FillContactUsForm.java:41)&#13;
co.com.sofka.stepdefinition.step.ContactUsStep.elClienteIngresaSusDatosPersonalesPeroOlvidoEnviarElMensajeDeRequerimiento(ContactUsStep.java:82)&#13;
io.cucumber.java.Invoker.invoke(Invoker.java:27)&#13;
io.cucumber.java.JavaStepDefinition.execute(JavaStepDefinition.java:27)&#13;
io.cucumber.core.runner.PickleStepDefinitionMatch.runStep(PickleStepDefinitionMatch.java:63)&#13;
io.cucumber.core.runner.TestStep.executeStep(TestStep.java:64)&#13;
io.cucumber.core.runner.TestStep.run(TestStep.java:49)&#13;
io.cucumber.core.runner.PickleStepTestStep.run(PickleStepTestStep.java:46)&#13;
io.cucumber.core.runner.TestCase.run(TestCase.java:51)&#13;
io.cucumber.core.runner.Runner.runPickle(Runner.java:67)&#13;
io.cucumber.junit.FeatureRunner.runChild(FeatureRunner.java:83)&#13;
io.cucumber.junit.FeatureRunner.runChild(FeatureRunner.java:24)&#13;
io.cucumber.junit.CucumberSerenityRunner.runChild(CucumberSerenityRunner.java:227)&#13;
io.cucumber.junit.CucumberSerenityRunner.runChild(CucumberSerenityRunner.java:54)&#13;
</system-err></testcase></testsuite>